{
  "0 debug pnpm:scope": {
    "selected": 1,
    "workspacePrefix": "/Users/xiaoyu/Desktop/xiangmu/toolbox"
  },
  "1 error pnpm": {
    "code": "ELIFECYCLE",
    "errno": "ENOENT",
    "syscall": "spawn",
    "file": "sh",
    "pkgid": "@nbit/chart-h5@1.0.0-beta.27",
    "stage": "build",
    "script": "rimraf es && rimraf lib && rollup -c",
    "pkgname": "@nbit/chart-h5",
    "err": {
      "name": "pnpm",
      "message": "@nbit/chart-h5@1.0.0-beta.27 build: `rimraf es && rimraf lib && rollup -c`\nspawn ENOENT",
      "code": "ELIFECYCLE",
      "stack": "pnpm: @nbit/chart-h5@1.0.0-beta.27 build: `rimraf es && rimraf lib && rollup -c`\nspawn ENOENT\n    at ChildProcess.<anonymous> (/Users/xiaoyu/Library/pnpm/global/5/.pnpm/pnpm@7.5.0/node_modules/pnpm/dist/pnpm.cjs:95169:22)\n    at ChildProcess.emit (node:events:527:28)\n    at maybeClose (node:internal/child_process:1092:16)\n    at Process.ChildProcess._handle.onexit (node:internal/child_process:302:5)"
    }
  },
  "2 warn pnpm:global": " Local package.json exists, but node_modules missing, did you mean to install?"
}